Arguments: 
  /usr/local/share/nvm/versions/node/v20.13.1/bin/node /usr/share/yarn/bin/yarn.js build

PATH: 
  /usr/local/rvm/gems/ruby-3.2.4/bin:/usr/local/rvm/gems/ruby-3.2.4@global/bin:/usr/local/rvm/rubies/ruby-3.2.4/bin:/vscode/bin/linux-x64/dc96b837cf6bb4af9cd736aa3af08cf8279f7685/bin/remote-cli:/home/codespace/.local/bin:/home/codespace/.dotnet:/home/codespace/nvm/current/bin:/home/codespace/.php/current/bin:/home/codespace/.python/current/bin:/home/codespace/java/current/bin:/home/codespace/.ruby/current/bin:/home/codespace/.local/bin:/usr/local/python/current/bin:/usr/local/py-utils/bin:/usr/local/oryx:/usr/local/go/bin:/go/bin:/usr/local/sdkman/bin:/usr/local/sdkman/candidates/java/current/bin:/usr/local/sdkman/candidates/gradle/current/bin:/usr/local/sdkman/candidates/maven/current/bin:/usr/local/sdkman/candidates/ant/current/bin:/usr/local/rvm/gems/default/bin:/usr/local/rvm/gems/default@global/bin:/usr/local/rvm/rubies/default/bin:/usr/local/share/rbenv/bin:/usr/local/php/current/bin:/opt/conda/bin:/usr/local/nvs:/usr/local/share/nvm/versions/node/v20.13.1/bin:/usr/local/hugo/bin:/usr/local/sbin:/usr/local/bin:/usr/sbin:/usr/bin:/sbin:/bin:/usr/share/dotnet:/home/codespace/.dotnet/tools:/usr/local/rvm/bin

Yarn version: 
  1.22.19

Node version: 
  20.13.1

Platform: 
  linux x64

Trace: 
  SyntaxError: /workspaces/lcbackend/package.json: Expected double-quoted property name in JSON at position 194
      at JSON.parse (<anonymous>)
      at /usr/share/yarn/lib/cli.js:1629:59
      at Generator.next (<anonymous>)
      at step (/usr/share/yarn/lib/cli.js:310:30)
      at /usr/share/yarn/lib/cli.js:321:13

npm manifest: 
  {
    "name": "lcbackend",
    "version": "1.0.0",
    "main": "index.js",
    "repository": "https://github.com/asahpchoi/lcbackend",
    "author": "Asa Choi <asa.choi@gmail.com>",
    "license": "MIT",
    scripts: {
      "start":"",
      "deploy":"",
      "build":"pip install -r requirements.txt"
    }
  
  }

yarn manifest: 
  No manifest

Lockfile: 
  No lockfile
